0 info it worked if it ends with ok
1 verbose cli [ 'C:\\Program Files\\nodejs\\node.exe',
1 verbose cli   'C:\\Users\\Sumeet Dutt\\AppData\\Roaming\\npm\\node_modules\\npm\\bin\\npm-cli.js',
1 verbose cli   'start' ]
2 info using npm@3.10.9
3 info using node@v8.10.0
4 verbose run-script [ 'prestart', 'start', 'poststart' ]
5 info lifecycle duplicate@1.0.0~prestart: duplicate@1.0.0
6 silly lifecycle duplicate@1.0.0~prestart: no script for prestart, continuing
7 info lifecycle duplicate@1.0.0~start: duplicate@1.0.0
8 verbose lifecycle duplicate@1.0.0~start: unsafe-perm in lifecycle true
9 verbose lifecycle duplicate@1.0.0~start: PATH: C:\Users\Sumeet Dutt\AppData\Roaming\npm\node_modules\npm\bin\node-gyp-bin;C:\Users\Sumeet Dutt\Desktop\Project2Backup\node_modules\.bin;C:\Program Files\Git\mingw64\bin;C:\Program Files\Git\usr\bin;C:\Users\Sumeet Dutt\bin;C:\Program Files\ImageMagick-7.0.3-Q16;C:\Python27;C:\Python27\Scripts;C:\ProgramData\Oracle\Java\javapath;C:\Program Files (x86)\Intel\iCLS Client;C:\Program Files\Intel\iCLS Client;C:\WINDOWS\system32;C:\WINDOWS;C:\WINDOWS\System32\Wbem;C:\WINDOWS\System32\WindowsPowerShell\v1.0;C:\Program Files (x86)\ATI Technologies\ATI.ACE\Core-Static;C:\Program Files\Intel\Intel(R) Management Engine Components\DAL;C:\Program Files\Intel\Intel(R) Management Engine Components\IPT;C:\Program Files (x86)\Intel\Intel(R) Management Engine Components\DAL;C:\Program Files (x86)\Intel\Intel(R) Management Engine Components\IPT;C:\Program Files (x86)\Skype\Phone;%JAVA_HOME%\bin;C:\Program Files\Calibre2;C:\Program Files\Git\cmd;C:\Program Files\nodejs;C:\WINDOWS\System32\OpenSSH;C:\Users\Sumeet Dutt\AppData\Local\Microsoft\WindowsApps;C:\Program Files\Microsoft VS Code\bin;C:\Program Files\Heroku\bin;C:\Users\Sumeet Dutt\AppData\Roaming\npm
10 verbose lifecycle duplicate@1.0.0~start: CWD: C:\Users\Sumeet Dutt\Desktop\Project2Backup
11 silly lifecycle duplicate@1.0.0~start: Args: [ '/d /s /c', 'node server.js' ]
12 silly lifecycle duplicate@1.0.0~start: Returned: code: 3221225786  signal: null
13 info lifecycle duplicate@1.0.0~start: Failed to exec start script
14 verbose stack Error: duplicate@1.0.0 start: `node server.js`
14 verbose stack Exit status 3221225786
14 verbose stack     at EventEmitter.<anonymous> (C:\Users\Sumeet Dutt\AppData\Roaming\npm\node_modules\npm\lib\utils\lifecycle.js:255:16)
14 verbose stack     at emitTwo (events.js:126:13)
14 verbose stack     at EventEmitter.emit (events.js:214:7)
14 verbose stack     at ChildProcess.<anonymous> (C:\Users\Sumeet Dutt\AppData\Roaming\npm\node_modules\npm\lib\utils\spawn.js:40:14)
14 verbose stack     at emitTwo (events.js:126:13)
14 verbose stack     at ChildProcess.emit (events.js:214:7)
14 verbose stack     at maybeClose (internal/child_process.js:925:16)
14 verbose stack     at Process.ChildProcess._handle.onexit (internal/child_process.js:209:5)
15 verbose pkgid duplicate@1.0.0
16 verbose cwd C:\Users\Sumeet Dutt\Desktop\Project2Backup
17 error Windows_NT 10.0.17134
18 error argv "C:\\Program Files\\nodejs\\node.exe" "C:\\Users\\Sumeet Dutt\\AppData\\Roaming\\npm\\node_modules\\npm\\bin\\npm-cli.js" "start"
19 error node v8.10.0
20 error npm  v3.10.9
21 error code ELIFECYCLE
22 error duplicate@1.0.0 start: `node server.js`
22 error Exit status 3221225786
23 error Failed at the duplicate@1.0.0 start script 'node server.js'.
23 error Make sure you have the latest version of node.js and npm installed.
23 error If you do, this is most likely a problem with the duplicate package,
23 error not with npm itself.
23 error Tell the author that this fails on your system:
23 error     node server.js
23 error You can get information on how to open an issue for this project with:
23 error     npm bugs duplicate
23 error Or if that isn't available, you can get their info via:
23 error     npm owner ls duplicate
23 error There is likely additional logging output above.
24 verbose exit [ 1, true ]
